[debug] [2017-09-21T16:02:40.026Z] ----------------------------------------------------------------------
[debug] [2017-09-21T16:02:40.031Z] Command:       /home/andreas/.nvm/versions/node/v8.4.0/bin/node /home/andreas/.nvm/versions/node/v8.4.0/bin/firebase deploy --project truly-kryptic
[debug] [2017-09-21T16:02:40.032Z] CLI Version:   3.12.0
[debug] [2017-09-21T16:02:40.032Z] Platform:      linux
[debug] [2017-09-21T16:02:40.032Z] Node Version:  v8.4.0
[debug] [2017-09-21T16:02:40.032Z] Time:          Thu Sep 21 2017 19:02:40 GMT+0300 (EEST)
[debug] [2017-09-21T16:02:40.032Z] ----------------------------------------------------------------------
[debug] 
[debug] [2017-09-21T16:02:40.057Z] > command requires scopes: ["email","openid","https://www.googleapis.com/auth/cloudplatformprojects.readonly","https://www.googleapis.com/auth/firebase","https://www.googleapis.com/auth/cloud-platform"]
[debug] [2017-09-21T16:02:40.057Z] > authorizing via signed-in user
[debug] [2017-09-21T16:02:40.060Z] >>> HTTP REQUEST GET https://admin.firebase.com/v1/projects/truly-kryptic  
 Thu Sep 21 2017 19:02:40 GMT+0300 (EEST)
[debug] [2017-09-21T16:03:26.278Z] ----------------------------------------------------------------------
[debug] [2017-09-21T16:03:26.280Z] Command:       /home/andreas/.nvm/versions/node/v8.4.0/bin/node /home/andreas/.nvm/versions/node/v8.4.0/bin/firebase deploy --project truly-kryptic
[debug] [2017-09-21T16:03:26.280Z] CLI Version:   3.12.0
[debug] [2017-09-21T16:03:26.280Z] Platform:      linux
[debug] [2017-09-21T16:03:26.280Z] Node Version:  v8.4.0
[debug] [2017-09-21T16:03:26.281Z] Time:          Thu Sep 21 2017 19:03:26 GMT+0300 (EEST)
[debug] [2017-09-21T16:03:26.281Z] ----------------------------------------------------------------------
[debug] 
[debug] [2017-09-21T16:03:26.288Z] > command requires scopes: ["email","openid","https://www.googleapis.com/auth/cloudplatformprojects.readonly","https://www.googleapis.com/auth/firebase","https://www.googleapis.com/auth/cloud-platform"]
[debug] [2017-09-21T16:03:26.289Z] > authorizing via signed-in user
[debug] [2017-09-21T16:03:26.290Z] >>> HTTP REQUEST GET https://admin.firebase.com/v1/projects/truly-kryptic  
 Thu Sep 21 2017 19:03:26 GMT+0300 (EEST)
[debug] [2017-09-21T16:03:27.627Z] <<< HTTP RESPONSE 200
[debug] [2017-09-21T16:03:27.631Z] >>> HTTP REQUEST GET https://admin.firebase.com/v1/database/truly-kryptic/tokens  
 Thu Sep 21 2017 19:03:27 GMT+0300 (EEST)
[debug] [2017-09-21T16:03:28.775Z] <<< HTTP RESPONSE 200
[info] 
[info] === Deploying to 'truly-kryptic'...
[info] 
[info] i  deploying hosting
[info] i  hosting: preparing dist directory for upload...
[debug] [2017-09-21T16:03:32.290Z] >>> HTTP REQUEST PUT https://deploy.firebase.com/v1/hosting/truly-kryptic/uploads/-Ku_AVd9Va64QzZHg-UK?fileCount=89&message=  
 Thu Sep 21 2017 19:03:32 GMT+0300 (EEST)
